[rgde] arm=source_retained seed=2026071901 node=evc33 gpu=0
GPU 0: NVIDIA H100 PCIe (UUID: GPU-ced36555-fcb3-e5c6-82a0-d63cc04bf45f)
{"executor_training": {"arm": "source_retained", "atomic_examples_per_epoch": 0, "base_parameters": 125081664, "base_parameters_trainable": 0, "base_sha256": "211d6b2cddf0c2cf8b12cb0b2d73f9c4440d85f6f531018080c8afd35b2f66a6", "batch_size": 64, "claim_boundary": "Development-only source-deleted two-step list-execution component. No sealed confirmation, natural-language reasoning, halt, rollout, or novelty claim.", "clip": 1.0, "compiler_adapter_sha256": "05b99489c296abb0085be49417c207614ebd0f374a3b1b562d52c6370c5cec2a", "compiler_file_sha256": "747a559b827c6d114943c091b9dea5b4b90cef7af13aa5003b8435c092d24991", "compiler_parameters": 8607886, "compiler_parameters_trainable": 0, "confirmation_access": 0, "data_sha256": "e6feb311c37f34a88ce7bda59ebb4f968c9ce3b4052cb5c0f6c2ef2e3fca44a8", "development_evaluation_access": 0, "epochs": 1, "examples": 96000, "executor_parameters": 1262787, "executor_width": 192, "full_answer_examples_per_epoch": 96000, "initial_executor_sha256": "a12036139333903ab1babce68e9ad65fae6d2ec6919e9355cbf4318bb998fc32", "learning_rate": 0.001, "packet_oracle": "none", "packet_width": 384, "protocol": "r12_referential_gather_delete_executor_stage_b_v1", "report_sha256": "d481114232e438294bd1ea7f5b739f6068c2bf10fe02c1ee3c216c2e56aa3be3", "seed": 2026071901, "source_deleted": false, "tokenizer_sha256": "87532df5c121753de3b29194e1f9e3de47986d3f5359548fdf93606773a233d4", "total_parameters": 134952337, "training_contract": "favorable direct-answer control trained on complete two-operation answers with unrestricted frozen compiler source-memory access", "updates": 1517, "warmup": 50}}
{"answer_loss": 1.2408437728881836, "epoch": 0, "examples_per_second": 4.6763449226854386, "grad_norm": 8.018043518066406, "lr": 2e-05, "total_loss": 1.2408437728881836, "update": 0}
{"answer_loss": 1.2092550992965698, "epoch": 0, "examples_per_second": 114.16170522340386, "grad_norm": 4.960118293762207, "lr": 0.0005200000000000001, "total_loss": 1.2092550992965698, "update": 25}
{"answer_loss": 1.0840638875961304, "epoch": 0, "examples_per_second": 212.20149417339832, "grad_norm": 1.5782976150512695, "lr": 0.001, "total_loss": 1.0840638875961304, "update": 50}
{"answer_loss": 1.168533205986023, "epoch": 0, "examples_per_second": 300.37364411581865, "grad_norm": 3.297349691390991, "lr": 0.0009993552396589684, "total_loss": 1.168533205986023, "update": 75}
{"answer_loss": 1.1362035274505615, "epoch": 0, "examples_per_second": 379.53441090365385, "grad_norm": 2.409318447113037, "lr": 0.000997422806262084, "total_loss": 1.1362035274505615, "update": 100}
{"answer_loss": 1.1512572765350342, "epoch": 0, "examples_per_second": 452.0340389393641, "grad_norm": 2.742633819580078, "lr": 0.0009942082373934178, "total_loss": 1.1512572765350342, "update": 125}
{"answer_loss": 1.1276743412017822, "epoch": 0, "examples_per_second": 518.0944354077811, "grad_norm": 2.0229969024658203, "lr": 0.0009897207447263922, "total_loss": 1.1276743412017822, "update": 150}
{"answer_loss": 1.0845978260040283, "epoch": 0, "examples_per_second": 575.1021263651597, "grad_norm": 1.065421462059021, "lr": 0.0009839731876267958, "total_loss": 1.0845978260040283, "update": 175}
{"answer_loss": 1.1087599992752075, "epoch": 0, "examples_per_second": 630.6075344470167, "grad_norm": 1.9869524240493774, "lr": 0.0009769820363029643, "total_loss": 1.1087599992752075, "update": 200}
{"answer_loss": 1.1673980951309204, "epoch": 0, "examples_per_second": 681.926396648613, "grad_norm": 3.602433681488037, "lr": 0.0009687673246087281, "total_loss": 1.1673980951309204, "update": 225}
{"answer_loss": 1.087294578552246, "epoch": 0, "examples_per_second": 729.5446316275081, "grad_norm": 1.1755441427230835, "lr": 0.0009593525926343689, "total_loss": 1.087294578552246, "update": 250}
{"answer_loss": 1.1097028255462646, "epoch": 0, "examples_per_second": 773.7838844202388, "grad_norm": 1.8884912729263306, "lr": 0.0009487648192501026, "total_loss": 1.1097028255462646, "update": 275}
{"answer_loss": 1.0939836502075195, "epoch": 0, "examples_per_second": 815.1083793457881, "grad_norm": 0.9671372175216675, "lr": 0.0009370343447953869, "total_loss": 1.0939836502075195, "update": 300}
{"answer_loss": 1.0973631143569946, "epoch": 0, "examples_per_second": 852.3588319197362, "grad_norm": 1.7328766584396362, "lr": 0.0009241947841355988, "total_loss": 1.0973631143569946, "update": 325}
{"answer_loss": 1.1014888286590576, "epoch": 0, "examples_per_second": 888.3228822389051, "grad_norm": 0.8783395290374756, "lr": 0.0009102829303352263, "total_loss": 1.1014888286590576, "update": 350}
{"answer_loss": 1.0860283374786377, "epoch": 0, "examples_per_second": 922.0671022753755, "grad_norm": 0.9093360900878906, "lr": 0.0008953386492236056, "total_loss": 1.0860283374786377, "update": 375}
{"answer_loss": 1.083570957183838, "epoch": 0, "examples_per_second": 951.3861781621914, "grad_norm": 0.6980863809585571, "lr": 0.0008794047651553412, "total_loss": 1.083570957183838, "update": 400}
{"answer_loss": 1.0998985767364502, "epoch": 0, "examples_per_second": 981.2657966273586, "grad_norm": 2.578091621398926, "lr": 0.0008625269382927702, "total_loss": 1.0998985767364502, "update": 425}
{"answer_loss": 1.0946073532104492, "epoch": 0, "examples_per_second": 1009.4907589500876, "grad_norm": 0.6793389916419983, "lr": 0.0008447535337621315, "total_loss": 1.0946073532104492, "update": 450}
{"answer_loss": 1.1047284603118896, "epoch": 0, "examples_per_second": 1036.1595844646997, "grad_norm": 1.0378862619400024, "lr": 0.0008261354830583871, "total_loss": 1.1047284603118896, "update": 475}
{"answer_loss": 1.0740017890930176, "epoch": 0, "examples_per_second": 1061.3980569587115, "grad_norm": 0.49053025245666504, "lr": 0.0008067261380958531, "total_loss": 1.0740017890930176, "update": 500}
{"answer_loss": 1.0908682346343994, "epoch": 0, "examples_per_second": 1085.3954716877515, "grad_norm": 0.7039490938186646, "lr": 0.0007865811183228729, "total_loss": 1.0908682346343994, "update": 525}
{"answer_loss": 1.0797683000564575, "epoch": 0, "examples_per_second": 1108.136996623188, "grad_norm": 1.3210009336471558, "lr": 0.0007657581513386414, "total_loss": 1.0797683000564575, "update": 550}
{"answer_loss": 1.0906559228897095, "epoch": 0, "examples_per_second": 1129.7626340986835, "grad_norm": 1.7802222967147827, "lr": 0.0007443169074689102, "total_loss": 1.0906559228897095, "update": 575}
{"answer_loss": 1.10468327999115, "epoch": 0, "examples_per_second": 1150.403708828952, "grad_norm": 1.0909637212753296, "lr": 0.0007223188287746107, "total_loss": 1.10468327999115, "update": 600}
{"answer_loss": 1.1113343238830566, "epoch": 0, "examples_per_second": 1169.7824262240176, "grad_norm": 1.5701146125793457, "lr": 0.0006998269529833915, "total_loss": 1.1113343238830566, "update": 625}
{"answer_loss": 1.0933289527893066, "epoch": 0, "examples_per_second": 1188.3771529054677, "grad_norm": 0.524353563785553, "lr": 0.000676905732848611, "total_loss": 1.0933289527893066, "update": 650}
{"answer_loss": 1.1039451360702515, "epoch": 0, "examples_per_second": 1206.2193539696827, "grad_norm": 1.7412939071655273, "lr": 0.0006536208514534291, "total_loss": 1.1039451360702515, "update": 675}
{"answer_loss": 1.0889270305633545, "epoch": 0, "examples_per_second": 1223.132792594099, "grad_norm": 1.799208402633667, "lr": 0.0006300390339892644, "total_loss": 1.0889270305633545, "update": 700}
{"answer_loss": 1.0756357908248901, "epoch": 0, "examples_per_second": 1239.1830895695543, "grad_norm": 2.318838357925415, "lr": 0.0006062278565479853, "total_loss": 1.0756357908248901, "update": 725}
{"answer_loss": 1.1013450622558594, "epoch": 0, "examples_per_second": 1254.900105564228, "grad_norm": 0.9205436706542969, "lr": 0.0005822555524757579, "total_loss": 1.1013450622558594, "update": 750}
{"answer_loss": 1.0795907974243164, "epoch": 0, "examples_per_second": 1269.876501377536, "grad_norm": 1.3905962705612183, "lr": 0.0005581908168434663, "total_loss": 1.0795907974243164, "update": 775}
{"answer_loss": 1.1025248765945435, "epoch": 0, "examples_per_second": 1284.4092425294932, "grad_norm": 1.678916335105896, "lr": 0.0005341026095940133, "total_loss": 1.1025248765945435, "update": 800}
{"answer_loss": 1.0867105722427368, "epoch": 0, "examples_per_second": 1298.25867434292, "grad_norm": 1.2168101072311401, "lr": 0.0005100599579306034, "total_loss": 1.0867105722427368, "update": 825}
{"answer_loss": 1.094942569732666, "epoch": 0, "examples_per_second": 1311.466622940123, "grad_norm": 1.2182729244232178, "lr": 0.0004861317585122843, "total_loss": 1.094942569732666, "update": 850}
{"answer_loss": 1.1039681434631348, "epoch": 0, "examples_per_second": 1323.9232424529487, "grad_norm": 0.8877182006835938, "lr": 0.00046238658002357736, "total_loss": 1.1039681434631348, "update": 875}
{"answer_loss": 1.0947706699371338, "epoch": 0, "examples_per_second": 1336.23760005352, "grad_norm": 1.4681603908538818, "lr": 0.00043889246668395035, "total_loss": 1.0947706699371338, "update": 900}
{"answer_loss": 1.089707374572754, "epoch": 0, "examples_per_second": 1348.0715847030335, "grad_norm": 0.49848100543022156, "lr": 0.00041571674326019883, "total_loss": 1.089707374572754, "update": 925}
{"answer_loss": 1.0966589450836182, "epoch": 0, "examples_per_second": 1359.473282476489, "grad_norm": 0.8199141025543213, "lr": 0.0003929258221404938, "total_loss": 1.0966589450836182, "update": 950}
{"answer_loss": 1.0612975358963013, "epoch": 0, "examples_per_second": 1370.4630117091772, "grad_norm": 1.9532487392425537, "lr": 0.00037058501302293954, "total_loss": 1.0612975358963013, "update": 975}
{"answer_loss": 1.1035349369049072, "epoch": 0, "examples_per_second": 1381.0529478112276, "grad_norm": 1.194184422492981, "lr": 0.00034875833576400526, "total_loss": 1.1035349369049072, "update": 1000}
{"answer_loss": 1.1026642322540283, "epoch": 0, "examples_per_second": 1391.3811766867284, "grad_norm": 1.5930105447769165, "lr": 0.000327508336923127, "total_loss": 1.1026642322540283, "update": 1025}
{"answer_loss": 1.0934453010559082, "epoch": 0, "examples_per_second": 1401.2914115082647, "grad_norm": 0.8959308862686157, "lr": 0.00030689591052919166, "total_loss": 1.0934453010559082, "update": 1050}
{"answer_loss": 1.0510485172271729, "epoch": 0, "examples_per_second": 1410.7337482449625, "grad_norm": 0.3121248483657837, "lr": 0.0002869801235825157, "total_loss": 1.0510485172271729, "update": 1075}
{"answer_loss": 1.0621169805526733, "epoch": 0, "examples_per_second": 1419.9599861174706, "grad_norm": 1.308158040046692, "lr": 0.0002678180467923601, "total_loss": 1.0621169805526733, "update": 1100}
{"answer_loss": 1.0826318264007568, "epoch": 0, "examples_per_second": 1428.9813890144903, "grad_norm": 0.4135604202747345, "lr": 0.0002494645910350184, "total_loss": 1.0826318264007568, "update": 1125}
{"answer_loss": 1.0801658630371094, "epoch": 0, "examples_per_second": 1437.614498822025, "grad_norm": 1.3415567874908447, "lr": 0.000231972350001127, "total_loss": 1.0801658630371094, "update": 1150}
{"answer_loss": 1.075810194015503, "epoch": 0, "examples_per_second": 1445.9905152523713, "grad_norm": 0.5977473258972168, "lr": 0.0002153914494831059, "total_loss": 1.075810194015503, "update": 1175}
{"answer_loss": 1.086289882659912, "epoch": 0, "examples_per_second": 1454.126016687023, "grad_norm": 0.715472400188446, "lr": 0.00019976940373461072, "total_loss": 1.086289882659912, "update": 1200}
{"answer_loss": 1.0796931982040405, "epoch": 0, "examples_per_second": 1462.1385766731808, "grad_norm": 0.9944165945053101, "lr": 0.00018515097931361704, "total_loss": 1.0796931982040405, "update": 1225}
{"answer_loss": 1.0845930576324463, "epoch": 0, "examples_per_second": 1469.8077157746006, "grad_norm": 0.4960062801837921, "lr": 0.00017157806679930237, "total_loss": 1.0845930576324463, "update": 1250}
{"answer_loss": 1.0830813646316528, "epoch": 0, "examples_per_second": 1477.1970623325594, "grad_norm": 0.9375107884407043, "lr": 0.00015908956075034054, "total_loss": 1.0830813646316528, "update": 1275}
{"answer_loss": 1.0743876695632935, "epoch": 0, "examples_per_second": 1484.4048078518508, "grad_norm": 0.33483126759529114, "lr": 0.00014772124824859382, "total_loss": 1.0743876695632935, "update": 1300}
{"answer_loss": 1.0919218063354492, "epoch": 0, "examples_per_second": 1491.52921240649, "grad_norm": 0.7810512185096741, "lr": 0.00013750570634759845, "total_loss": 1.0919218063354492, "update": 1325}
{"answer_loss": 1.116336703300476, "epoch": 0, "examples_per_second": 1498.3381586888834, "grad_norm": 2.5675411224365234, "lr": 0.00012847220871970948, "total_loss": 1.116336703300476, "update": 1350}
{"answer_loss": 1.095261573791504, "epoch": 0, "examples_per_second": 1504.9235149648644, "grad_norm": 0.8135241270065308, "lr": 0.00012064664176942133, "total_loss": 1.095261573791504, "update": 1375}
{"answer_loss": 1.145269751548767, "epoch": 0, "examples_per_second": 1511.3891453660262, "grad_norm": 2.0584557056427, "lr": 0.00011405143045324807, "total_loss": 1.145269751548767, "update": 1400}
{"answer_loss": 1.1188656091690063, "epoch": 0, "examples_per_second": 1517.6838291195254, "grad_norm": 0.7691193222999573, "lr": 0.00010870547401873354, "total_loss": 1.1188656091690063, "update": 1425}
{"answer_loss": 1.0643298625946045, "epoch": 0, "examples_per_second": 1523.797716403372, "grad_norm": 1.2547690868377686, "lr": 0.0001046240918467394, "total_loss": 1.0643298625946045, "update": 1450}
{"answer_loss": 1.115890383720398, "epoch": 0, "examples_per_second": 1529.684515539722, "grad_norm": 1.6590356826782227, "lr": 0.00010181897955220387, "total_loss": 1.115890383720398, "update": 1475}
{"answer_loss": 1.0933870077133179, "epoch": 0, "examples_per_second": 1535.5007881852553, "grad_norm": 0.9347077012062073, "lr": 0.00010029817546916986, "total_loss": 1.0933870077133179, "update": 1500}
{"elapsed_seconds": 63.07850956916809, "executor_sha256": "a8e365e0a56a07aca403f43444aa23d1cc14c2e57329b505245c89ce59a7aca9", "saved": "/lustre/fs1/home/sa305415/shohin/train/referential_gather_delete_executor_source_retained_2026071901/executor.pt"}
[rgde-eval] 25/45 batches
{"group_summary": {"all_four_answers_correct": 4, "all_four_final_assignments_exact": null, "all_four_transitions_exact": null, "groups": 512}, "out": "/lustre/fs1/home/sa305415/shohin/train/referential_gather_delete_executor_source_retained_2026071901/development_source_retained.json", "overall": {"answer_accuracy": 0.3798828125, "rows": 2048}}
[rgde] Stage-B development diagnostics complete; confirmation was never referenced
